2021-09-10 15:59:44,393 [maroussia.bednarkiewicz] Created project [maroussia.bednarkiewicz - New project](31)
2021-09-10 15:59:44,403 [maroussia.bednarkiewicz] Created permission [MANAGER] for user [maroussia.bednarkiewicz] on project [maroussia.bednarkiewicz - New project](31)
2021-09-10 15:59:44,404 [maroussia.bednarkiewicz] Created permission [CURATOR] for user [maroussia.bednarkiewicz] on project [maroussia.bednarkiewicz - New project](31)
2021-09-10 15:59:44,405 [maroussia.bednarkiewicz] Created permission [ANNOTATOR] for user [maroussia.bednarkiewicz] on project [maroussia.bednarkiewicz - New project](31)
2021-09-10 15:59:44,413 [maroussia.bednarkiewicz] Created tagset [UD Universal POS tags (v2)](217) in project [maroussia.bednarkiewicz - New project](31)
2021-09-10 15:59:44,418 [maroussia.bednarkiewicz] Created 17 tags and updated 0 tags in tagset [UD Universal POS tags (v2)](217) in project [maroussia.bednarkiewicz - New project](31)
2021-09-10 15:59:44,419 [maroussia.bednarkiewicz] Created tagset [UD Universal Dependencies (v2)](218) in project [maroussia.bednarkiewicz - New project](31)
2021-09-10 15:59:44,426 [maroussia.bednarkiewicz] Created 37 tags and updated 0 tags in tagset [UD Universal Dependencies (v2)](218) in project [maroussia.bednarkiewicz - New project](31)
2021-09-10 15:59:44,427 [maroussia.bednarkiewicz] Created tagset [Named Entity tags](219) in project [maroussia.bednarkiewicz - New project](31)
2021-09-10 15:59:44,429 [maroussia.bednarkiewicz] Created 12 tags and updated 0 tags in tagset [Named Entity tags](219) in project [maroussia.bednarkiewicz - New project](31)
2021-09-10 15:59:44,429 [maroussia.bednarkiewicz] Created layer [de.tudarmstadt.ukp.dkpro.core.api.segmentation.type.Token](370) in project [maroussia.bednarkiewicz - New project](31)
2021-09-10 15:59:44,430 [maroussia.bednarkiewicz] Created tagset [Coreference mentions](220) in project [maroussia.bednarkiewicz - New project](31)
2021-09-10 15:59:44,430 [maroussia.bednarkiewicz] Created 1 tags and updated 0 tags in tagset [Coreference mentions](220) in project [maroussia.bednarkiewicz - New project](31)
2021-09-10 15:59:44,431 [maroussia.bednarkiewicz] Created layer [de.tudarmstadt.ukp.dkpro.core.api.ner.type.NamedEntity](371) in project [maroussia.bednarkiewicz - New project](31)
2021-09-10 15:59:44,432 [maroussia.bednarkiewicz] Created feature [value](577) in project [maroussia.bednarkiewicz - New project](31)
2021-09-10 15:59:44,432 [maroussia.bednarkiewicz] Created layer [de.tudarmstadt.ukp.dkpro.core.api.semantics.type.SemArg](372) in project [maroussia.bednarkiewicz - New project](31)
2021-09-10 15:59:44,433 [maroussia.bednarkiewicz] Created feature [category](578) in project [maroussia.bednarkiewicz - New project](31)
2021-09-10 15:59:44,433 [maroussia.bednarkiewicz] Created feature [arguments](579) in project [maroussia.bednarkiewicz - New project](31)
2021-09-10 15:59:44,433 [maroussia.bednarkiewicz] Created layer [de.tudarmstadt.ukp.dkpro.core.api.semantics.type.SemPred](373) in project [maroussia.bednarkiewicz - New project](31)
2021-09-10 15:59:44,433 [maroussia.bednarkiewicz] Created tagset [Dependency flavors](221) in project [maroussia.bednarkiewicz - New project](31)
2021-09-10 15:59:44,434 [maroussia.bednarkiewicz] Created 2 tags and updated 0 tags in tagset [Dependency flavors](221) in project [maroussia.bednarkiewicz - New project](31)
2021-09-10 15:59:44,434 [maroussia.bednarkiewicz] Created layer [de.tudarmstadt.ukp.dkpro.core.api.segmentation.type.SurfaceForm](374) in project [maroussia.bednarkiewicz - New project](31)
2021-09-10 15:59:44,434 [maroussia.bednarkiewicz] Created feature [value](580) in project [maroussia.bednarkiewicz - New project](31)
2021-09-10 15:59:44,435 [maroussia.bednarkiewicz] Created tagset [Coreference relations](222) in project [maroussia.bednarkiewicz - New project](31)
2021-09-10 15:59:44,436 [maroussia.bednarkiewicz] Created 1 tags and updated 0 tags in tagset [Coreference relations](222) in project [maroussia.bednarkiewicz - New project](31)
2021-09-10 15:59:44,436 [maroussia.bednarkiewicz] Created layer [de.tudarmstadt.ukp.dkpro.core.api.syntax.type.chunk.Chunk](375) in project [maroussia.bednarkiewicz - New project](31)
2021-09-10 15:59:44,436 [maroussia.bednarkiewicz] Created feature [chunkValue](581) in project [maroussia.bednarkiewicz - New project](31)
2021-09-10 15:59:44,436 [maroussia.bednarkiewicz] Created tagset [Operation](223) in project [maroussia.bednarkiewicz - New project](31)
2021-09-10 15:59:44,437 [maroussia.bednarkiewicz] Created 4 tags and updated 0 tags in tagset [Operation](223) in project [maroussia.bednarkiewicz - New project](31)
2021-09-10 15:59:44,438 [maroussia.bednarkiewicz] Created feature [identifier](582) in project [maroussia.bednarkiewicz - New project](31)
2021-09-10 15:59:44,439 [maroussia.bednarkiewicz] Created feature [pos](583) in project [maroussia.bednarkiewicz - New project](31)
2021-09-10 15:59:44,439 [maroussia.bednarkiewicz] Created layer [de.tudarmstadt.ukp.dkpro.core.api.lexmorph.type.pos.POS](376) in project [maroussia.bednarkiewicz - New project](31)
2021-09-10 15:59:44,439 [maroussia.bednarkiewicz] Created feature [PosValue](584) in project [maroussia.bednarkiewicz - New project](31)
2021-09-10 15:59:44,439 [maroussia.bednarkiewicz] Created feature [coarseValue](585) in project [maroussia.bednarkiewicz - New project](31)
2021-09-10 15:59:44,441 [maroussia.bednarkiewicz] Created layer [de.tudarmstadt.ukp.dkpro.core.api.syntax.type.dependency.Dependency](377) in project [maroussia.bednarkiewicz - New project](31)
2021-09-10 15:59:44,441 [maroussia.bednarkiewicz] Created feature [DependencyType](586) in project [maroussia.bednarkiewicz - New project](31)
2021-09-10 15:59:44,441 [maroussia.bednarkiewicz] Created feature [flavor](587) in project [maroussia.bednarkiewicz - New project](31)
2021-09-10 15:59:44,442 [maroussia.bednarkiewicz] Created layer [de.tudarmstadt.ukp.dkpro.core.api.coref.type.Coreference](378) in project [maroussia.bednarkiewicz - New project](31)
2021-09-10 15:59:44,442 [maroussia.bednarkiewicz] Created feature [referenceType](588) in project [maroussia.bednarkiewicz - New project](31)
2021-09-10 15:59:44,442 [maroussia.bednarkiewicz] Created feature [referenceRelation](589) in project [maroussia.bednarkiewicz - New project](31)
2021-09-10 15:59:44,443 [maroussia.bednarkiewicz] Created feature [morph](590) in project [maroussia.bednarkiewicz - New project](31)
2021-09-10 15:59:44,443 [maroussia.bednarkiewicz] Created layer [de.tudarmstadt.ukp.dkpro.core.api.lexmorph.type.morph.MorphologicalFeatures](379) in project [maroussia.bednarkiewicz - New project](31)
2021-09-10 15:59:44,443 [maroussia.bednarkiewicz] Created feature [value](591) in project [maroussia.bednarkiewicz - New project](31)
2021-09-10 15:59:44,444 [maroussia.bednarkiewicz] Created feature [lemma](592) in project [maroussia.bednarkiewicz - New project](31)
2021-09-10 15:59:44,444 [maroussia.bednarkiewicz] Created layer [de.tudarmstadt.ukp.dkpro.core.api.segmentation.type.Lemma](380) in project [maroussia.bednarkiewicz - New project](31)
2021-09-10 15:59:44,444 [maroussia.bednarkiewicz] Created feature [value](593) in project [maroussia.bednarkiewicz - New project](31)
2021-09-10 15:59:44,445 [maroussia.bednarkiewicz] Created layer [de.tudarmstadt.ukp.dkpro.core.api.transform.type.SofaChangeAnnotation](381) in project [maroussia.bednarkiewicz - New project](31)
2021-09-10 15:59:44,445 [maroussia.bednarkiewicz] Created feature [value](594) in project [maroussia.bednarkiewicz - New project](31)
2021-09-10 15:59:44,445 [maroussia.bednarkiewicz] Created feature [operation](595) in project [maroussia.bednarkiewicz - New project](31)
2021-09-10 17:23:17,729 [maroussia.bednarkiewicz] Imported source document [0597IbnJawzi.Mawducat.ShamAY0034138-MUB-CL-mt.conllu](254) to project [Classical Arabic](31)
2021-09-10 17:23:56,711 [maroussia.bednarkiewicz] Imported source document [0597IbnJawzi.Mawducat.ShamAY0034138-MUB-CL-wt.conllu](255) to project [Classical Arabic](31)
2021-09-10 17:25:44,980 [maroussia.bednarkiewicz] Created feature [coarseValue](585) in project [Classical Arabic](31)
2021-09-10 17:27:23,589 [maroussia.bednarkiewicz] Created feature [value](577) in project [Classical Arabic](31)
2021-09-10 17:27:34,992 [maroussia.bednarkiewicz] Created permission [ANNOTATOR] for user [ik337] on project [Classical Arabic](31)
2021-09-10 17:27:42,134 [maroussia.bednarkiewicz] Created permission [MANAGER] for user [ik337] on project [Classical Arabic](31)
2021-09-10 17:27:42,134 [maroussia.bednarkiewicz] Created permission [CURATOR] for user [ik337] on project [Classical Arabic](31)
2021-09-10 17:27:54,522 [maroussia.bednarkiewicz] Created annotation document [208] for user [maroussia.bednarkiewicz] for source document [0597IbnJawzi.Mawducat.ShamAY0034138-MUB-CL-mt.conllu](254) in project [Classical Arabic](31)
2021-09-10 17:27:54,591 [maroussia.bednarkiewicz] Upgraded CAS of user [maroussia.bednarkiewicz] for document [0597IbnJawzi.Mawducat.ShamAY0034138-MUB-CL-mt.conllu](254) in project [Classical Arabic](31)
2021-09-10 17:28:05,836 [maroussia.bednarkiewicz] Upgraded CAS of user [maroussia.bednarkiewicz] for document [0597IbnJawzi.Mawducat.ShamAY0034138-MUB-CL-mt.conllu](254) in project [Classical Arabic](31)
2021-09-10 18:55:34,548 [maroussia.bednarkiewicz] Removed source document [0597IbnJawzi.Mawducat.ShamAY0034138-MUB-CL-mt.conllu](254) from project [Classical Arabic](31)
2021-09-10 18:55:54,287 [maroussia.bednarkiewicz] Imported source document [0597IbnJawzi.Mawducat.ShamAY0034138-MUB-CL-wt-POS.conllu](256) to project [Classical Arabic](31)
2021-09-10 18:56:15,992 [maroussia.bednarkiewicz] Created annotation document [209] for user [maroussia.bednarkiewicz] for source document [0597IbnJawzi.Mawducat.ShamAY0034138-MUB-CL-wt-POS.conllu](256) in project [Classical Arabic](31)
2021-09-10 18:56:16,119 [maroussia.bednarkiewicz] Upgraded CAS of user [maroussia.bednarkiewicz] for document [0597IbnJawzi.Mawducat.ShamAY0034138-MUB-CL-wt-POS.conllu](256) in project [Classical Arabic](31)
2021-09-10 19:00:49,448 [maroussia.bednarkiewicz] Imported source document [0597IbnJawzi.Mawducat.ShamAY0034138-MUB-CL-mt-POS.conllu](257) to project [Classical Arabic](31)
2021-09-10 19:07:18,427 [maroussia.bednarkiewicz] Removed source document [0597IbnJawzi.Mawducat.ShamAY0034138-MUB-CL-mt-POS.conllu](257) from project [Classical Arabic](31)
2021-09-10 19:08:20,985 [maroussia.bednarkiewicz] Imported source document [0597IbnJawzi.Mawducat.ShamAY0034138-MUB-CL-mtatb-POS.conllu](258) to project [Classical Arabic](31)
2021-09-10 19:08:35,158 [maroussia.bednarkiewicz] Imported source document [0597IbnJawzi.Mawducat.ShamAY0034138-MUB-CL-mtd3-POS.conllu](259) to project [Classical Arabic](31)
2021-09-10 19:45:22,273 [maroussia.bednarkiewicz] Created annotation document [210] for user [maroussia.bednarkiewicz] for source document [0597IbnJawzi.Mawducat.ShamAY0034138-MUB-CL-wt.conllu](255) in project [Classical Arabic](31)
2021-09-10 19:45:22,327 [maroussia.bednarkiewicz] Upgraded CAS of user [maroussia.bednarkiewicz] for document [0597IbnJawzi.Mawducat.ShamAY0034138-MUB-CL-wt.conllu](255) in project [Classical Arabic](31)
2021-09-10 19:45:53,421 [maroussia.bednarkiewicz] Upgraded CAS of user [maroussia.bednarkiewicz] for document [0597IbnJawzi.Mawducat.ShamAY0034138-MUB-CL-wt-POS.conllu](256) in project [Classical Arabic](31)
2021-09-10 19:46:22,075 [maroussia.bednarkiewicz] Created annotation document [211] for user [maroussia.bednarkiewicz] for source document [0597IbnJawzi.Mawducat.ShamAY0034138-MUB-CL-mtatb-POS.conllu](258) in project [Classical Arabic](31)
2021-09-10 19:46:22,197 [maroussia.bednarkiewicz] Upgraded CAS of user [maroussia.bednarkiewicz] for document [0597IbnJawzi.Mawducat.ShamAY0034138-MUB-CL-mtatb-POS.conllu](258) in project [Classical Arabic](31)
2021-09-10 19:46:50,538 [maroussia.bednarkiewicz] Created annotation document [212] for user [maroussia.bednarkiewicz] for source document [0597IbnJawzi.Mawducat.ShamAY0034138-MUB-CL-mtd3-POS.conllu](259) in project [Classical Arabic](31)
2021-09-10 19:46:50,675 [maroussia.bednarkiewicz] Upgraded CAS of user [maroussia.bednarkiewicz] for document [0597IbnJawzi.Mawducat.ShamAY0034138-MUB-CL-mtd3-POS.conllu](259) in project [Classical Arabic](31)
2021-09-12 18:08:56,644 [maroussia.bednarkiewicz] Upgraded CAS of user [maroussia.bednarkiewicz] for document [0597IbnJawzi.Mawducat.ShamAY0034138-MUB-CL-mtd3-POS.conllu](259) in project [Classical Arabic](31)
2021-09-13 18:35:45,007 [maroussia.bednarkiewicz] Created annotation document [215] for user [ik337] for source document [0597IbnJawzi.Mawducat.ShamAY0034138-MUB-CL-mtd3-POS.conllu](259) in project [Classical Arabic](31)
2021-09-13 18:35:45,163 [maroussia.bednarkiewicz] Upgraded CAS of user [ik337] for document [0597IbnJawzi.Mawducat.ShamAY0034138-MUB-CL-mtd3-POS.conllu](259) in project [Classical Arabic](31)
2021-09-13 18:41:22,743 [maroussia.bednarkiewicz] Upgraded CAS of user [ik337] for document [0597IbnJawzi.Mawducat.ShamAY0034138-MUB-CL-mtd3-POS.conllu](259) in project [Classical Arabic](31)
2021-09-15 12:44:50,666 [maroussia.bednarkiewicz] Upgraded CAS of user [maroussia.bednarkiewicz] for document [0597IbnJawzi.Mawducat.ShamAY0034138-MUB-CL-mtatb-POS.conllu](258) in project [Classical Arabic](31)
2021-09-15 12:59:08,070 [maroussia.bednarkiewicz] Upgraded CAS of user [maroussia.bednarkiewicz] for document [0597IbnJawzi.Mawducat.ShamAY0034138-MUB-CL-wt.conllu](255) in project [Classical Arabic](31)
2021-09-15 12:59:31,303 [maroussia.bednarkiewicz] Upgraded CAS of user [maroussia.bednarkiewicz] for document [0597IbnJawzi.Mawducat.ShamAY0034138-MUB-CL-wt-POS.conllu](256) in project [Classical Arabic](31)
2021-09-15 13:02:43,570 [maroussia.bednarkiewicz] Upgraded CAS of user [maroussia.bednarkiewicz] for document [0597IbnJawzi.Mawducat.ShamAY0034138-MUB-CL-mtd3-POS.conllu](259) in project [Classical Arabic](31)
2021-09-15 13:17:34,129 [maroussia.bednarkiewicz] Imported source document [0597IbnJawzi.Mawducat.ShamAY0034138-MUB-CL-mtd3.conllu](269) to project [Classical Arabic](31)
2021-09-15 13:17:42,184 [maroussia.bednarkiewicz] Created annotation document [225] for user [maroussia.bednarkiewicz] for source document [0597IbnJawzi.Mawducat.ShamAY0034138-MUB-CL-mtd3.conllu](269) in project [Classical Arabic](31)
2021-09-15 13:17:42,244 [maroussia.bednarkiewicz] Upgraded CAS of user [maroussia.bednarkiewicz] for document [0597IbnJawzi.Mawducat.ShamAY0034138-MUB-CL-mtd3.conllu](269) in project [Classical Arabic](31)
2021-09-21 17:20:16,060 [maroussia.bednarkiewicz] Upgraded CAS of user [maroussia.bednarkiewicz] for document [0597IbnJawzi.Mawducat.ShamAY0034138-MUB-CL-mtd3-POS.conllu](259) in project [Classical Arabic](31)
2021-10-01 16:35:37,961 [maroussia.bednarkiewicz] Imported source document [0597IbnJawzi.Mawducat.ShamAY0034138-ara1-MUB-CL-stanza.conllu](287) to project [Classical Arabic](31)
2021-10-01 16:35:48,210 [maroussia.bednarkiewicz] Created annotation document [244] for user [maroussia.bednarkiewicz] for source document [0597IbnJawzi.Mawducat.ShamAY0034138-ara1-MUB-CL-stanza.conllu](287) in project [Classical Arabic](31)
2021-10-01 16:35:48,744 [maroussia.bednarkiewicz] Upgraded CAS of user [maroussia.bednarkiewicz] for document [0597IbnJawzi.Mawducat.ShamAY0034138-ara1-MUB-CL-stanza.conllu](287) in project [Classical Arabic](31)
2021-10-01 16:42:20,590 [maroussia.bednarkiewicz] Removed source document [0597IbnJawzi.Mawducat.ShamAY0034138-ara1-MUB-CL-stanza.conllu](287) from project [Classical Arabic](31)
2021-10-04 11:47:40,882 [maroussia.bednarkiewicz] Imported source document [0597IbnJawzi.Mawducat.ShamAY0034138-CL1](289) to project [Classical Arabic](31)
2021-10-04 11:47:51,781 [maroussia.bednarkiewicz] Created annotation document [248] for user [maroussia.bednarkiewicz] for source document [0597IbnJawzi.Mawducat.ShamAY0034138-CL1](289) in project [Classical Arabic](31)
2021-10-04 11:47:52,169 [maroussia.bednarkiewicz] Upgraded CAS of user [maroussia.bednarkiewicz] for document [0597IbnJawzi.Mawducat.ShamAY0034138-CL1](289) in project [Classical Arabic](31)
2021-10-12 14:29:28,779 [maroussia.bednarkiewicz] Exported [351] logged events for project [Classical Arabic]
2021-10-12 14:29:28,779 [maroussia.bednarkiewicz] Skipped [13] logged events for [3] documents no longer existing
